app/build/intermediates/manifest_merge_blame_file/debug/processDebugMainManifest/manifest-merger-blame-debug-report.txt
1<?xml version="1.0" encoding="utf-8"?>
2<manifest xmlns:android="http://schemas.android.com/apk/res/android"
3    package="com.zaizoor.notifierpro"
4    android:versionCode="1"
5    android:versionName="1.0" >
6
7    <uses-sdk
8        android:minSdkVersion="26"
9        android:targetSdkVersion="34" />
10
11    <uses-permission android:name="android.permission.CAMERA" />
11-->src\main\AndroidManifest.xml:5:5-65
11-->src\main\AndroidManifest.xml:5:22-62
12    <uses-permission android:name="android.permission.VIBRATE" />
12-->src\main\AndroidManifest.xml:6:5-66
12-->src\main\AndroidManifest.xml:6:22-63
13    <uses-permission android:name="android.permission.WAKE_LOCK" />
13-->src\main\AndroidManifest.xml:7:5-68
13-->src\main\AndroidManifest.xml:7:22-65
14    <uses-permission android:name="android.permission.RECEIVE_BOOT_COMPLETED" />
14-->src\main\AndroidManifest.xml:8:5-81
14-->src\main\AndroidManifest.xml:8:22-78
15    <uses-permission android:name="android.permission.FOREGROUND_SERVICE" />
15-->src\main\AndroidManifest.xml:9:5-77
15-->src\main\AndroidManifest.xml:9:22-74
16    <uses-permission android:name="android.permission.POST_NOTIFICATIONS" />
16-->src\main\AndroidManifest.xml:10:5-77
16-->src\main\AndroidManifest.xml:10:22-74
17    <uses-permission android:name="android.permission.USE_FULL_SCREEN_INTENT" />
17-->src\main\AndroidManifest.xml:11:5-81
17-->src\main\AndroidManifest.xml:11:22-78
18    <uses-permission android:name="android.permission.SYSTEM_ALERT_WINDOW" />
18-->src\main\AndroidManifest.xml:12:5-78
18-->src\main\AndroidManifest.xml:12:22-75
19    <uses-permission android:name="android.permission.REQUEST_IGNORE_BATTERY_OPTIMIZATIONS" />
19-->src\main\AndroidManifest.xml:13:5-95
19-->src\main\AndroidManifest.xml:13:22-92
20    <uses-permission android:name="android.permission.FOREGROUND_SERVICE_SPECIAL_USE" />
20-->src\main\AndroidManifest.xml:14:5-89
20-->src\main\AndroidManifest.xml:14:22-86
21
22    <permission
22-->[androidx.core:core:1.12.0] AndroidManifest.xml:22:5-24:47
23        android:name="com.zaizoor.notifierpro.DYNAMIC_RECEIVER_NOT_EXPORTED_PERMISSION"
23-->[androidx.core:core:1.12.0] AndroidManifest.xml:23:9-81
24        android:protectionLevel="signature" />
24-->[androidx.core:core:1.12.0] AndroidManifest.xml:24:9-44
25
26    <uses-permission android:name="com.zaizoor.notifierpro.DYNAMIC_RECEIVER_NOT_EXPORTED_PERMISSION" />
26-->[androidx.core:core:1.12.0] AndroidManifest.xml:26:5-97
26-->[androidx.core:core:1.12.0] AndroidManifest.xml:26:22-94
27
28    <application
28-->src\main\AndroidManifest.xml:16:5-76:19
29        android:allowBackup="true"
29-->src\main\AndroidManifest.xml:17:9-35
30        android:appComponentFactory="androidx.core.app.CoreComponentFactory"
30-->[androidx.core:core:1.12.0] AndroidManifest.xml:28:18-86
31        android:debuggable="true"
32        android:extractNativeLibs="false"
33        android:icon="@drawable/ic_app_logo"
33-->src\main\AndroidManifest.xml:18:9-45
34        android:label="Gmail Notifier Pro"
34-->src\main\AndroidManifest.xml:19:9-43
35        android:roundIcon="@drawable/ic_app_logo"
35-->src\main\AndroidManifest.xml:20:9-50
36        android:supportsRtl="true"
36-->src\main\AndroidManifest.xml:21:9-35
37        android:testOnly="true"
38        android:theme="@style/Theme.GmailNotifierPro" >
38-->src\main\AndroidManifest.xml:22:9-54
39        <activity
39-->src\main\AndroidManifest.xml:24:9-31:20
40            android:name="com.zaizoor.notifierpro.MainActivity"
40-->src\main\AndroidManifest.xml:25:13-41
41            android:exported="true" >
41-->src\main\AndroidManifest.xml:26:13-36
42            <intent-filter>
42-->src\main\AndroidManifest.xml:27:13-30:29
43                <action android:name="android.intent.action.MAIN" />
43-->src\main\AndroidManifest.xml:28:17-69
43-->src\main\AndroidManifest.xml:28:25-66
44
45                <category android:name="android.intent.category.LAUNCHER" />
45-->src\main\AndroidManifest.xml:29:17-77
45-->src\main\AndroidManifest.xml:29:27-74
46            </intent-filter>
47        </activity>
48        <activity
48-->src\main\AndroidManifest.xml:33:9-36:61
49            android:name="com.zaizoor.notifierpro.SettingsActivity"
49-->src\main\AndroidManifest.xml:34:13-45
50            android:exported="false"
50-->src\main\AndroidManifest.xml:35:13-37
51            android:theme="@style/Theme.GmailNotifierPro" />
51-->src\main\AndroidManifest.xml:36:13-58
52        <activity
52-->src\main\AndroidManifest.xml:38:9-41:61
53            android:name="com.zaizoor.notifierpro.FiltersActivity"
53-->src\main\AndroidManifest.xml:39:13-44
54            android:exported="false"
54-->src\main\AndroidManifest.xml:40:13-37
55            android:theme="@style/Theme.GmailNotifierPro" />
55-->src\main\AndroidManifest.xml:41:13-58
56        <activity
56-->src\main\AndroidManifest.xml:43:9-46:61
57            android:name="com.zaizoor.notifierpro.HistoryActivity"
57-->src\main\AndroidManifest.xml:44:13-44
58            android:exported="false"
58-->src\main\AndroidManifest.xml:45:13-37
59            android:theme="@style/Theme.GmailNotifierPro" />
59-->src\main\AndroidManifest.xml:46:13-58
60        <activity
60-->src\main\AndroidManifest.xml:48:9-55:77
61            android:name="com.zaizoor.notifierpro.AlertActivity"
61-->src\main\AndroidManifest.xml:49:13-42
62            android:exported="false"
62-->src\main\AndroidManifest.xml:50:13-37
63            android:launchMode="singleInstance"
63-->src\main\AndroidManifest.xml:51:13-48
64            android:showOnLockScreen="true"
64-->src\main\AndroidManifest.xml:52:13-44
65            android:showWhenLocked="true"
65-->src\main\AndroidManifest.xml:53:13-42
66            android:theme="@style/Theme.GmailNotifierPro.FullscreenAlert"
66-->src\main\AndroidManifest.xml:55:13-74
67            android:turnScreenOn="true" />
67-->src\main\AndroidManifest.xml:54:13-40
68
69        <service
69-->src\main\AndroidManifest.xml:57:9-66:19
70            android:name="com.zaizoor.notifierpro.GmailNotificationListener"
70-->src\main\AndroidManifest.xml:58:13-54
71            android:exported="true"
71-->src\main\AndroidManifest.xml:59:13-36
72            android:foregroundServiceType="specialUse"
72-->src\main\AndroidManifest.xml:61:13-55
73            android:label="Gmail Notifier Service"
73-->src\main\AndroidManifest.xml:60:13-51
74            android:permission="android.permission.BIND_NOTIFICATION_LISTENER_SERVICE" >
74-->src\main\AndroidManifest.xml:62:13-87
75            <intent-filter>
75-->src\main\AndroidManifest.xml:63:13-65:29
76                <action android:name="android.service.notification.NotificationListenerService" />
76-->src\main\AndroidManifest.xml:64:17-99
76-->src\main\AndroidManifest.xml:64:25-96
77            </intent-filter>
78        </service>
79
80        <receiver
80-->src\main\AndroidManifest.xml:68:9-74:20
81            android:name="com.zaizoor.notifierpro.BootReceiver"
81-->src\main\AndroidManifest.xml:69:13-41
82            android:exported="true" >
82-->src\main\AndroidManifest.xml:70:13-36
83            <intent-filter>
83-->src\main\AndroidManifest.xml:71:13-73:29
84                <action android:name="android.intent.action.BOOT_COMPLETED" />
84-->src\main\AndroidManifest.xml:72:17-79
84-->src\main\AndroidManifest.xml:72:25-76
85            </intent-filter>
86        </receiver>
87
88        <provider
88-->[androidx.emoji2:emoji2:1.2.0] AndroidManifest.xml:24:9-32:20
89            android:name="androidx.startup.InitializationProvider"
89-->[androidx.emoji2:emoji2:1.2.0] AndroidManifest.xml:25:13-67
90            android:authorities="com.zaizoor.notifierpro.androidx-startup"
90-->[androidx.emoji2:emoji2:1.2.0] AndroidManifest.xml:26:13-68
91            android:exported="false" >
91-->[androidx.emoji2:emoji2:1.2.0] AndroidManifest.xml:27:13-37
92            <meta-data
92-->[androidx.emoji2:emoji2:1.2.0] AndroidManifest.xml:29:13-31:52
93                android:name="androidx.emoji2.text.EmojiCompatInitializer"
93-->[androidx.emoji2:emoji2:1.2.0] AndroidManifest.xml:30:17-75
94                android:value="androidx.startup" />
94-->[androidx.emoji2:emoji2:1.2.0] AndroidManifest.xml:31:17-49
95            <meta-data
95-->[androidx.lifecycle:lifecycle-process:2.6.1] AndroidManifest.xml:29:13-31:52
96                android:name="androidx.lifecycle.ProcessLifecycleInitializer"
96-->[androidx.lifecycle:lifecycle-process:2.6.1] AndroidManifest.xml:30:17-78
97                android:value="androidx.startup" />
97-->[androidx.lifecycle:lifecycle-process:2.6.1] AndroidManifest.xml:31:17-49
98            <meta-data
98-->[androidx.profileinstaller:profileinstaller:1.3.0] AndroidManifest.xml:29:13-31:52
99                android:name="androidx.profileinstaller.ProfileInstallerInitializer"
99-->[androidx.profileinstaller:profileinstaller:1.3.0] AndroidManifest.xml:30:17-85
100                android:value="androidx.startup" />
100-->[androidx.profileinstaller:profileinstaller:1.3.0] AndroidManifest.xml:31:17-49
101        </provider>
102
103        <receiver
103-->[androidx.profileinstaller:profileinstaller:1.3.0] AndroidManifest.xml:34:9-52:20
104            android:name="androidx.profileinstaller.ProfileInstallReceiver"
104-->[androidx.profileinstaller:profileinstaller:1.3.0] AndroidManifest.xml:35:13-76
105            android:directBootAware="false"
105-->[androidx.profileinstaller:profileinstaller:1.3.0] AndroidManifest.xml:36:13-44
106            android:enabled="true"
106-->[androidx.profileinstaller:profileinstaller:1.3.0] AndroidManifest.xml:37:13-35
107            android:exported="true"
107-->[androidx.profileinstaller:profileinstaller:1.3.0] AndroidManifest.xml:38:13-36
108            android:permission="android.permission.DUMP" >
108-->[androidx.profileinstaller:profileinstaller:1.3.0] AndroidManifest.xml:39:13-57
109            <intent-filter>
109-->[androidx.profileinstaller:profileinstaller:1.3.0] AndroidManifest.xml:40:13-42:29
110                <action android:name="androidx.profileinstaller.action.INSTALL_PROFILE" />
110-->[androidx.profileinstaller:profileinstaller:1.3.0] AndroidManifest.xml:41:17-91
110-->[androidx.profileinstaller:profileinstaller:1.3.0] AndroidManifest.xml:41:25-88
111            </intent-filter>
112            <intent-filter>
112-->[androidx.profileinstaller:profileinstaller:1.3.0] AndroidManifest.xml:43:13-45:29
113                <action android:name="androidx.profileinstaller.action.SKIP_FILE" />
113-->[androidx.profileinstaller:profileinstaller:1.3.0] AndroidManifest.xml:44:17-85
113-->[androidx.profileinstaller:profileinstaller:1.3.0] AndroidManifest.xml:44:25-82
114            </intent-filter>
115            <intent-filter>
115-->[androidx.profileinstaller:profileinstaller:1.3.0] AndroidManifest.xml:46:13-48:29
116                <action android:name="androidx.profileinstaller.action.SAVE_PROFILE" />
116-->[androidx.profileinstaller:profileinstaller:1.3.0] AndroidManifest.xml:47:17-88
116-->[androidx.profileinstaller:profileinstaller:1.3.0] AndroidManifest.xml:47:25-85
117            </intent-filter>
118            <intent-filter>
118-->[androidx.profileinstaller:profileinstaller:1.3.0] AndroidManifest.xml:49:13-51:29
119                <action android:name="androidx.profileinstaller.action.BENCHMARK_OPERATION" />
119-->[androidx.profileinstaller:profileinstaller:1.3.0] AndroidManifest.xml:50:17-95
119-->[androidx.profileinstaller:profileinstaller:1.3.0] AndroidManifest.xml:50:25-92
120            </intent-filter>
121        </receiver>
122    </application>
123
124</manifest>